30
100000
水草01
Grasses\水草\水草01.mox
0
100001
水草02
Grasses\水草\水草02.mox
0
100002
水草03
Grasses\水草\水草03.mox
0
100003
水草04
Grasses\水草\水草04.mox
0
100004
水草05
Grasses\水草\水草05.mox
0
100005
水草06
Grasses\水草\水草06.mox
0
100006
水草07
Grasses\水草\水草07.mox
0
100007
水草08
Grasses\水草\水草08.mox
0
100008
水草09
Grasses\水草\水草09.mox
0
100009
水草10
Grasses\水草\水草10.mox
0
100010
水草11
Grasses\水草\水草11.mox
0
100011
水草12
Grasses\水草\水草12.mox
0
100012
水草13
Grasses\水草\水草13.mox
0
100013
水草14
Grasses\水草\水草14.mox
0
100014
水草15
Grasses\水草\水草15.mox
0
100015
水草16
Grasses\水草\水草16.mox
0
100016
水草17
Grasses\水草\水草17.mox
0
100017
水草18
Grasses\水草\水草18.mox
0
100018
水草19
Grasses\水草\水草19.mox
0
100019
水草20
Grasses\水草\水草20.mox
0
100020
水草21
Grasses\水草\水草21.mox
0
100021
水草22
Grasses\水草\水草22.mox
0
100022
水草23
Grasses\水草\水草23.mox
0
100023
水草24
Grasses\水草\水草24.mox
0
100024
水草25
Grasses\水草\水草25.mox
0
100025
水草26
Grasses\水草\水草26.mox
0
100026
水草27
Grasses\水草\水草27.mox
0
100027
水草28
Grasses\水草\水草28.mox
0
100028
长01
Grasses\水草\长01.mox
0
100029
长02
Grasses\水草\长02.mox
0
